<?xml version="1.0" encoding="UTF-8"?>
<coverage generated="1482416621539" clover="3.2.0">
  <project timestamp="1482416621540" name="All files">
    <metrics statements="181" coveredstatements="176" conditionals="103" coveredconditionals="97" methods="89" coveredmethods="88" elements="373" coveredelements="361" complexity="0" loc="181" ncloc="181" packages="9" files="21" classes="21">
      <package name="src">
        <metrics statements="25" coveredstatements="21" conditionals="17" coveredconditionals="14" methods="6" coveredmethods="6"/>
        <file name="api.js" path="/Users/ethicaljobs.com.au/development/ethical-jobs/ethical-jobs-redux/src/api.js">
          <metrics statements="9" coveredstatements="5" conditionals="7" coveredconditionals="4" methods="0" coveredmethods="0"/>
          <line num="13" count="16" type="stmt"/>
          <line num="15" count="16" type="stmt"/>
          <line num="17" count="16" type="stmt"/>
          <line num="19" count="0" type="stmt"/>
          <line num="20" count="0" type="stmt"/>
          <line num="22" count="0" type="stmt"/>
          <line num="23" count="0" type="stmt"/>
          <line num="26" count="16" type="stmt"/>
          <line num="27" count="16" type="stmt"/>
        </file>
        <file name="filters.js" path="/Users/ethicaljobs.com.au/development/ethical-jobs/ethical-jobs-redux/src/filters.js">
          <metrics statements="8" coveredstatements="8" conditionals="10" coveredconditionals="10" methods="2" coveredmethods="2"/>
          <line num="10" count="18" type="stmt"/>
          <line num="11" count="1" type="stmt"/>
          <line num="13" count="17" type="stmt"/>
          <line num="23" count="18" type="stmt"/>
          <line num="25" count="7" type="stmt"/>
          <line num="27" count="5" type="stmt"/>
          <line num="29" count="4" type="stmt"/>
          <line num="31" count="2" type="stmt"/>
        </file>
        <file name="jobTypes.js" path="/Users/ethicaljobs.com.au/development/ethical-jobs/ethical-jobs-redux/src/jobTypes.js">
          <metrics statements="4" coveredstatements="4" conditionals="0" coveredconditionals="0" methods="0" coveredmethods="0"/>
          <line num="2" count="5" type="stmt"/>
          <line num="4" count="5" type="stmt"/>
          <line num="6" count="5" type="stmt"/>
          <line num="8" count="5" type="stmt"/>
        </file>
        <file name="utils.js" path="/Users/ethicaljobs.com.au/development/ethical-jobs/ethical-jobs-redux/src/utils.js">
          <metrics statements="4" coveredstatements="4" conditionals="0" coveredconditionals="0" methods="4" coveredmethods="4"/>
          <line num="9" count="86" type="stmt"/>
          <line num="19" count="312" type="stmt"/>
          <line num="29" count="220" type="stmt"/>
          <line num="39" count="102" type="stmt"/>
        </file>
      </package>
      <package name="src.app">
        <metrics statements="2" coveredstatements="2" conditionals="0" coveredconditionals="0" methods="1" coveredmethods="1"/>
        <file name="actions.js" path="/Users/ethicaljobs.com.au/development/ethical-jobs/ethical-jobs-redux/src/app/actions.js">
          <metrics statements="2" coveredstatements="2" conditionals="0" coveredconditionals="0" methods="1" coveredmethods="1"/>
          <line num="10" count="7" type="stmt"/>
          <line num="18" count="7" type="stmt"/>
        </file>
      </package>
      <package name="src.auth">
        <metrics statements="28" coveredstatements="28" conditionals="12" coveredconditionals="12" methods="15" coveredmethods="15"/>
        <file name="actions.js" path="/Users/ethicaljobs.com.au/development/ethical-jobs/ethical-jobs-redux/src/auth/actions.js">
          <metrics statements="10" coveredstatements="10" conditionals="0" coveredconditionals="0" methods="5" coveredmethods="5"/>
          <line num="10" count="3" type="stmt"/>
          <line num="11" count="3" type="stmt"/>
          <line num="12" count="3" type="stmt"/>
          <line num="13" count="3" type="stmt"/>
          <line num="14" count="3" type="stmt"/>
          <line num="22" count="3" type="stmt"/>
          <line num="27" count="3" type="stmt"/>
          <line num="32" count="3" type="stmt"/>
          <line num="37" count="3" type="stmt"/>
          <line num="42" count="3" type="stmt"/>
        </file>
        <file name="index.js" path="/Users/ethicaljobs.com.au/development/ethical-jobs/ethical-jobs-redux/src/auth/index.js">
          <metrics statements="11" coveredstatements="11" conditionals="12" coveredconditionals="12" methods="5" coveredmethods="5"/>
          <line num="6" count="1" type="stmt"/>
          <line num="20" count="10" type="stmt"/>
          <line num="24" count="3" type="stmt"/>
          <line num="30" count="2" type="stmt"/>
          <line num="33" count="2" type="stmt"/>
          <line num="34" count="2" type="stmt"/>
          <line num="37" count="1" type="stmt"/>
          <line num="40" count="1" type="stmt"/>
          <line num="41" count="1" type="stmt"/>
          <line num="46" count="3" type="stmt"/>
          <line num="51" count="1" type="stmt"/>
        </file>
        <file name="selectors.js" path="/Users/ethicaljobs.com.au/development/ethical-jobs/ethical-jobs-redux/src/auth/selectors.js">
          <metrics statements="7" coveredstatements="7" conditionals="0" coveredconditionals="0" methods="5" coveredmethods="5"/>
          <line num="3" count="4" type="stmt"/>
          <line num="5" count="1" type="stmt"/>
          <line num="7" count="3" type="stmt"/>
          <line num="9" count="1" type="stmt"/>
          <line num="11" count="1" type="stmt"/>
          <line num="14" count="1" type="stmt"/>
          <line num="16" count="1" type="stmt"/>
        </file>
      </package>
      <package name="src.credits">
        <metrics statements="9" coveredstatements="9" conditionals="6" coveredconditionals="5" methods="4" coveredmethods="4"/>
        <file name="index.js" path="/Users/ethicaljobs.com.au/development/ethical-jobs/ethical-jobs-redux/src/credits/index.js">
          <metrics statements="6" coveredstatements="6" conditionals="6" coveredconditionals="5" methods="1" coveredmethods="1"/>
          <line num="6" count="1" type="stmt"/>
          <line num="19" count="4" type="stmt"/>
          <line num="21" count="1" type="stmt"/>
          <line num="26" count="1" type="stmt"/>
          <line num="32" count="1" type="stmt"/>
          <line num="37" count="1" type="stmt"/>
        </file>
        <file name="selectors.js" path="/Users/ethicaljobs.com.au/development/ethical-jobs/ethical-jobs-redux/src/credits/selectors.js">
          <metrics statements="3" coveredstatements="3" conditionals="0" coveredconditionals="0" methods="3" coveredmethods="3"/>
          <line num="1" count="1" type="stmt"/>
          <line num="3" count="1" type="stmt"/>
          <line num="5" count="1" type="stmt"/>
        </file>
      </package>
      <package name="src.enumerables">
        <metrics statements="9" coveredstatements="9" conditionals="6" coveredconditionals="5" methods="4" coveredmethods="4"/>
        <file name="index.js" path="/Users/ethicaljobs.com.au/development/ethical-jobs/ethical-jobs-redux/src/enumerables/index.js">
          <metrics statements="6" coveredstatements="6" conditionals="6" coveredconditionals="5" methods="1" coveredmethods="1"/>
          <line num="6" count="1" type="stmt"/>
          <line num="19" count="4" type="stmt"/>
          <line num="21" count="1" type="stmt"/>
          <line num="26" count="1" type="stmt"/>
          <line num="32" count="1" type="stmt"/>
          <line num="37" count="1" type="stmt"/>
        </file>
        <file name="selectors.js" path="/Users/ethicaljobs.com.au/development/ethical-jobs/ethical-jobs-redux/src/enumerables/selectors.js">
          <metrics statements="3" coveredstatements="3" conditionals="0" coveredconditionals="0" methods="3" coveredmethods="3"/>
          <line num="1" count="1" type="stmt"/>
          <line num="3" count="1" type="stmt"/>
          <line num="5" count="1" type="stmt"/>
        </file>
      </package>
      <package name="src.invoices">
        <metrics statements="43" coveredstatements="43" conditionals="21" coveredconditionals="21" methods="24" coveredmethods="24"/>
        <file name="actions.js" path="/Users/ethicaljobs.com.au/development/ethical-jobs/ethical-jobs-redux/src/invoices/actions.js">
          <metrics statements="16" coveredstatements="16" conditionals="0" coveredconditionals="0" methods="8" coveredmethods="8"/>
          <line num="10" count="3" type="stmt"/>
          <line num="11" count="3" type="stmt"/>
          <line num="12" count="3" type="stmt"/>
          <line num="13" count="3" type="stmt"/>
          <line num="14" count="3" type="stmt"/>
          <line num="15" count="3" type="stmt"/>
          <line num="16" count="3" type="stmt"/>
          <line num="17" count="3" type="stmt"/>
          <line num="25" count="3" type="stmt"/>
          <line num="30" count="3" type="stmt"/>
          <line num="35" count="3" type="stmt"/>
          <line num="40" count="3" type="stmt"/>
          <line num="45" count="3" type="stmt"/>
          <line num="56" count="3" type="stmt"/>
          <line num="60" count="5" type="stmt"/>
          <line num="65" count="3" type="stmt"/>
        </file>
        <file name="index.js" path="/Users/ethicaljobs.com.au/development/ethical-jobs/ethical-jobs-redux/src/invoices/index.js">
          <metrics statements="15" coveredstatements="15" conditionals="21" coveredconditionals="21" methods="7" coveredmethods="7"/>
          <line num="6" count="1" type="stmt"/>
          <line num="24" count="17" type="stmt"/>
          <line num="26" count="1" type="stmt"/>
          <line num="27" count="1" type="stmt"/>
          <line num="28" count="1" type="stmt"/>
          <line num="31" count="1" type="stmt"/>
          <line num="33" count="1" type="stmt"/>
          <line num="34" count="1" type="stmt"/>
          <line num="37" count="3" type="stmt"/>
          <line num="45" count="3" type="stmt"/>
          <line num="54" count="3" type="stmt"/>
          <line num="57" count="3" type="stmt"/>
          <line num="58" count="3" type="stmt"/>
          <line num="65" count="5" type="stmt"/>
          <line num="70" count="1" type="stmt"/>
        </file>
        <file name="selectors.js" path="/Users/ethicaljobs.com.au/development/ethical-jobs/ethical-jobs-redux/src/invoices/selectors.js">
          <metrics statements="12" coveredstatements="12" conditionals="0" coveredconditionals="0" methods="9" coveredmethods="9"/>
          <line num="4" count="5" type="stmt"/>
          <line num="6" count="1" type="stmt"/>
          <line num="8" count="1" type="stmt"/>
          <line num="10" count="3" type="stmt"/>
          <line num="12" count="2" type="stmt"/>
          <line num="14" count="1" type="stmt"/>
          <line num="16" count="2" type="stmt"/>
          <line num="19" count="1" type="stmt"/>
          <line num="21" count="1" type="stmt"/>
          <line num="24" count="1" type="stmt"/>
          <line num="26" count="2" type="stmt"/>
          <line num="27" count="6" type="stmt"/>
        </file>
      </package>
      <package name="src.jobs">
        <metrics statements="54" coveredstatements="53" conditionals="35" coveredconditionals="35" methods="30" coveredmethods="29"/>
        <file name="actions.js" path="/Users/ethicaljobs.com.au/development/ethical-jobs/ethical-jobs-redux/src/jobs/actions.js">
          <metrics statements="24" coveredstatements="24" conditionals="0" coveredconditionals="0" methods="12" coveredmethods="12"/>
          <line num="10" count="3" type="stmt"/>
          <line num="11" count="3" type="stmt"/>
          <line num="12" count="3" type="stmt"/>
          <line num="13" count="3" type="stmt"/>
          <line num="14" count="3" type="stmt"/>
          <line num="15" count="3" type="stmt"/>
          <line num="16" count="3" type="stmt"/>
          <line num="17" count="3" type="stmt"/>
          <line num="18" count="3" type="stmt"/>
          <line num="19" count="3" type="stmt"/>
          <line num="20" count="3" type="stmt"/>
          <line num="21" count="3" type="stmt"/>
          <line num="29" count="3" type="stmt"/>
          <line num="34" count="3" type="stmt"/>
          <line num="39" count="3" type="stmt"/>
          <line num="44" count="3" type="stmt"/>
          <line num="49" count="3" type="stmt"/>
          <line num="54" count="3" type="stmt"/>
          <line num="59" count="3" type="stmt"/>
          <line num="64" count="3" type="stmt"/>
          <line num="69" count="3" type="stmt"/>
          <line num="80" count="3" type="stmt"/>
          <line num="84" count="5" type="stmt"/>
          <line num="89" count="3" type="stmt"/>
        </file>
        <file name="index.js" path="/Users/ethicaljobs.com.au/development/ethical-jobs/ethical-jobs-redux/src/jobs/index.js">
          <metrics statements="15" coveredstatements="15" conditionals="35" coveredconditionals="35" methods="7" coveredmethods="7"/>
          <line num="6" count="1" type="stmt"/>
          <line num="25" count="33" type="stmt"/>
          <line num="27" count="1" type="stmt"/>
          <line num="28" count="1" type="stmt"/>
          <line num="29" count="1" type="stmt"/>
          <line num="32" count="1" type="stmt"/>
          <line num="34" count="1" type="stmt"/>
          <line num="35" count="1" type="stmt"/>
          <line num="38" count="3" type="stmt"/>
          <line num="50" count="9" type="stmt"/>
          <line num="64" count="9" type="stmt"/>
          <line num="67" count="9" type="stmt"/>
          <line num="68" count="9" type="stmt"/>
          <line num="80" count="9" type="stmt"/>
          <line num="85" count="1" type="stmt"/>
        </file>
        <file name="selectors.js" path="/Users/ethicaljobs.com.au/development/ethical-jobs/ethical-jobs-redux/src/jobs/selectors.js">
          <metrics statements="15" coveredstatements="14" conditionals="0" coveredconditionals="0" methods="11" coveredmethods="10"/>
          <line num="4" count="5" type="stmt"/>
          <line num="6" count="1" type="stmt"/>
          <line num="8" count="1" type="stmt"/>
          <line num="10" count="3" type="stmt"/>
          <line num="12" count="2" type="stmt"/>
          <line num="14" count="1" type="stmt"/>
          <line num="16" count="2" type="stmt"/>
          <line num="19" count="1" type="stmt"/>
          <line num="21" count="1" type="stmt"/>
          <line num="24" count="1" type="stmt"/>
          <line num="26" count="2" type="stmt"/>
          <line num="27" count="9" type="stmt"/>
          <line num="28" count="4" type="stmt"/>
          <line num="31" count="1" type="stmt"/>
          <line num="33" count="0" type="stmt"/>
        </file>
      </package>
      <package name="src.taxonomies">
        <metrics statements="9" coveredstatements="9" conditionals="6" coveredconditionals="5" methods="4" coveredmethods="4"/>
        <file name="index.js" path="/Users/ethicaljobs.com.au/development/ethical-jobs/ethical-jobs-redux/src/taxonomies/index.js">
          <metrics statements="6" coveredstatements="6" conditionals="6" coveredconditionals="5" methods="1" coveredmethods="1"/>
          <line num="6" count="1" type="stmt"/>
          <line num="19" count="4" type="stmt"/>
          <line num="21" count="1" type="stmt"/>
          <line num="26" count="1" type="stmt"/>
          <line num="32" count="1" type="stmt"/>
          <line num="37" count="1" type="stmt"/>
        </file>
        <file name="selectors.js" path="/Users/ethicaljobs.com.au/development/ethical-jobs/ethical-jobs-redux/src/taxonomies/selectors.js">
          <metrics statements="3" coveredstatements="3" conditionals="0" coveredconditionals="0" methods="3" coveredmethods="3"/>
          <line num="1" count="1" type="stmt"/>
          <line num="3" count="1" type="stmt"/>
          <line num="5" count="1" type="stmt"/>
        </file>
      </package>
      <package name="src.users">
        <metrics statements="2" coveredstatements="2" conditionals="0" coveredconditionals="0" methods="1" coveredmethods="1"/>
        <file name="actions.js" path="/Users/ethicaljobs.com.au/development/ethical-jobs/ethical-jobs-redux/src/users/actions.js">
          <metrics statements="2" coveredstatements="2" conditionals="0" coveredconditionals="0" methods="1" coveredmethods="1"/>
          <line num="10" count="1" type="stmt"/>
          <line num="18" count="1" type="stmt"/>
        </file>
      </package>
    </metrics>
  </project>
</coverage>
