{"/Users/ethicaljobs.com.au/development/ethical-jobs/ethical-jobs-redux/src/api.js": {"path":"/Users/ethicaljobs.com.au/development/ethical-jobs/ethical-jobs-redux/src/api.js","statementMap":{"0":{"start":{"line":13,"column":12},"end":{"line":13,"column":24}},"1":{"start":{"line":15,"column":20},"end":{"line":15,"column":89}},"2":{"start":{"line":17,"column":0},"end":{"line":28,"column":1}},"3":{"start":{"line":19,"column":4},"end":{"line":19,"column":37}},"4":{"start":{"line":20,"column":4},"end":{"line":20,"column":10}},"5":{"start":{"line":22,"column":4},"end":{"line":22,"column":31}},"6":{"start":{"line":23,"column":4},"end":{"line":23,"column":10}},"7":{"start":{"line":26,"column":4},"end":{"line":26,"column":38}},"8":{"start":{"line":27,"column":4},"end":{"line":27,"column":10}}},"fnMap":{},"branchMap":{"0":{"loc":{"start":{"line":15,"column":20},"end":{"line":15,"column":89}},"type":"binary-expr","locations":[{"start":{"line":15,"column":20},"end":{"line":15,"column":26}},{"start":{"line":15,"column":30},"end":{"line":15,"column":42}},{"start":{"line":15,"column":46},"end":{"line":15,"column":89}}]},"1":{"loc":{"start":{"line":17,"column":0},"end":{"line":28,"column":1}},"type":"switch","locations":[{"start":{"line":18,"column":2},"end":{"line":20,"column":10}},{"start":{"line":21,"column":2},"end":{"line":23,"column":10}},{"start":{"line":24,"column":2},"end":{"line":24,"column":10}},{"start":{"line":25,"column":2},"end":{"line":27,"column":10}}]}},"s":{"0":16,"1":16,"2":16,"3":0,"4":0,"5":0,"6":0,"7":16,"8":16},"f":{},"b":{"0":[16,16,0],"1":[0,0,16,16]},"_coverageSchema":"332fd63041d2c1bcb487cc26dd0d5f7d97098a6c","hash":"dc26ebc2dffd3e6e6bac2eb46452eee9779825b7"}
,"/Users/ethicaljobs.com.au/development/ethical-jobs/ethical-jobs-redux/src/filters.js": {"path":"/Users/ethicaljobs.com.au/development/ethical-jobs/ethical-jobs-redux/src/filters.js","statementMap":{"0":{"start":{"line":10,"column":2},"end":{"line":12,"column":3}},"1":{"start":{"line":11,"column":4},"end":{"line":11,"column":16}},"2":{"start":{"line":13,"column":2},"end":{"line":13,"column":58}},"3":{"start":{"line":23,"column":2},"end":{"line":32,"column":3}},"4":{"start":{"line":25,"column":6},"end":{"line":25,"column":76}},"5":{"start":{"line":27,"column":6},"end":{"line":27,"column":75}},"6":{"start":{"line":29,"column":6},"end":{"line":29,"column":41}},"7":{"start":{"line":31,"column":6},"end":{"line":31,"column":18}}},"fnMap":{"0":{"name":"filterEntitiesByOrgId","decl":{"start":{"line":9,"column":16},"end":{"line":9,"column":37}},"loc":{"start":{"line":9,"column":62},"end":{"line":14,"column":1}}},"1":{"name":"filterJobsByType","decl":{"start":{"line":22,"column":16},"end":{"line":22,"column":32}},"loc":{"start":{"line":22,"column":47},"end":{"line":33,"column":1}}}},"branchMap":{"0":{"loc":{"start":{"line":10,"column":2},"end":{"line":12,"column":3}},"type":"if","locations":[{"start":{"line":10,"column":2},"end":{"line":12,"column":3}},{"start":{"line":10,"column":2},"end":{"line":12,"column":3}}]},"1":{"loc":{"start":{"line":23,"column":2},"end":{"line":32,"column":3}},"type":"switch","locations":[{"start":{"line":24,"column":4},"end":{"line":25,"column":76}},{"start":{"line":26,"column":4},"end":{"line":27,"column":75}},{"start":{"line":28,"column":4},"end":{"line":29,"column":41}},{"start":{"line":30,"column":4},"end":{"line":31,"column":18}}]},"2":{"loc":{"start":{"line":25,"column":13},"end":{"line":25,"column":75}},"type":"binary-expr","locations":[{"start":{"line":25,"column":13},"end":{"line":25,"column":43}},{"start":{"line":25,"column":47},"end":{"line":25,"column":75}}]},"3":{"loc":{"start":{"line":27,"column":13},"end":{"line":27,"column":74}},"type":"binary-expr","locations":[{"start":{"line":27,"column":13},"end":{"line":27,"column":42}},{"start":{"line":27,"column":46},"end":{"line":27,"column":74}}]}},"s":{"0":18,"1":1,"2":17,"3":18,"4":7,"5":5,"6":4,"7":2},"f":{"0":18,"1":18},"b":{"0":[1,17],"1":[7,5,4,2],"2":[7,5],"3":[5,3]},"_coverageSchema":"332fd63041d2c1bcb487cc26dd0d5f7d97098a6c","hash":"dbb482d417688ae4bfd65bbb98b5a66a560413e0"}
,"/Users/ethicaljobs.com.au/development/ethical-jobs/ethical-jobs-redux/src/jobTypes.js": {"path":"/Users/ethicaljobs.com.au/development/ethical-jobs/ethical-jobs-redux/src/jobTypes.js","statementMap":{"0":{"start":{"line":2,"column":24},"end":{"line":2,"column":34}},"1":{"start":{"line":4,"column":23},"end":{"line":4,"column":32}},"2":{"start":{"line":6,"column":23},"end":{"line":6,"column":32}},"3":{"start":{"line":8,"column":21},"end":{"line":8,"column":28}}},"fnMap":{},"branchMap":{},"s":{"0":5,"1":5,"2":5,"3":5},"f":{},"b":{},"_coverageSchema":"332fd63041d2c1bcb487cc26dd0d5f7d97098a6c","hash":"022041712abb2d5fc9c3a621f7bdbd66727466c6"}
,"/Users/ethicaljobs.com.au/development/ethical-jobs/ethical-jobs-redux/src/utils.js": {"path":"/Users/ethicaljobs.com.au/development/ethical-jobs/ethical-jobs-redux/src/utils.js","statementMap":{"0":{"start":{"line":9,"column":2},"end":{"line":9,"column":22}},"1":{"start":{"line":19,"column":2},"end":{"line":19,"column":33}},"2":{"start":{"line":29,"column":2},"end":{"line":29,"column":33}},"3":{"start":{"line":39,"column":2},"end":{"line":39,"column":33}}},"fnMap":{"0":{"name":"createActionType","decl":{"start":{"line":8,"column":16},"end":{"line":8,"column":32}},"loc":{"start":{"line":8,"column":39},"end":{"line":10,"column":1}}},"1":{"name":"REQUEST","decl":{"start":{"line":18,"column":16},"end":{"line":18,"column":23}},"loc":{"start":{"line":18,"column":36},"end":{"line":20,"column":1}}},"2":{"name":"SUCCESS","decl":{"start":{"line":28,"column":16},"end":{"line":28,"column":23}},"loc":{"start":{"line":28,"column":36},"end":{"line":30,"column":1}}},"3":{"name":"FAILURE","decl":{"start":{"line":38,"column":16},"end":{"line":38,"column":23}},"loc":{"start":{"line":38,"column":36},"end":{"line":40,"column":1}}}},"branchMap":{},"s":{"0":86,"1":312,"2":220,"3":102},"f":{"0":86,"1":312,"2":220,"3":102},"b":{},"_coverageSchema":"332fd63041d2c1bcb487cc26dd0d5f7d97098a6c","hash":"7e5b3cb131b7d4e3f5e26c67eebbc92efdbeae84"}
,"/Users/ethicaljobs.com.au/development/ethical-jobs/ethical-jobs-redux/src/app/actions.js": {"path":"/Users/ethicaljobs.com.au/development/ethical-jobs/ethical-jobs-redux/src/app/actions.js","statementMap":{"0":{"start":{"line":10,"column":30},"end":{"line":10,"column":64}},"1":{"start":{"line":18,"column":28},"end":{"line":21,"column":2}},"2":{"start":{"line":18,"column":35},"end":{"line":21,"column":1}}},"fnMap":{"0":{"name":"(anonymous_0)","decl":{"start":{"line":18,"column":28},"end":{"line":18,"column":29}},"loc":{"start":{"line":18,"column":35},"end":{"line":21,"column":1}}}},"branchMap":{},"s":{"0":7,"1":7,"2":1},"f":{"0":1},"b":{},"_coverageSchema":"332fd63041d2c1bcb487cc26dd0d5f7d97098a6c","hash":"e551afa7b821e75b190474d52c9d3335e4e4d7e1"}
,"/Users/ethicaljobs.com.au/development/ethical-jobs/ethical-jobs-redux/src/auth/actions.js": {"path":"/Users/ethicaljobs.com.au/development/ethical-jobs/ethical-jobs-redux/src/auth/actions.js","statementMap":{"0":{"start":{"line":10,"column":21},"end":{"line":10,"column":51}},"1":{"start":{"line":11,"column":22},"end":{"line":11,"column":53}},"2":{"start":{"line":12,"column":20},"end":{"line":12,"column":49}},"3":{"start":{"line":13,"column":23},"end":{"line":13,"column":55}},"4":{"start":{"line":14,"column":21},"end":{"line":14,"column":51}},"5":{"start":{"line":22,"column":21},"end":{"line":25,"column":2}},"6":{"start":{"line":22,"column":34},"end":{"line":25,"column":1}},"7":{"start":{"line":27,"column":22},"end":{"line":30,"column":2}},"8":{"start":{"line":27,"column":29},"end":{"line":30,"column":1}},"9":{"start":{"line":32,"column":20},"end":{"line":35,"column":2}},"10":{"start":{"line":32,"column":27},"end":{"line":35,"column":1}},"11":{"start":{"line":37,"column":23},"end":{"line":40,"column":2}},"12":{"start":{"line":37,"column":36},"end":{"line":40,"column":1}},"13":{"start":{"line":42,"column":21},"end":{"line":45,"column":2}},"14":{"start":{"line":42,"column":34},"end":{"line":45,"column":1}}},"fnMap":{"0":{"name":"(anonymous_0)","decl":{"start":{"line":22,"column":21},"end":{"line":22,"column":22}},"loc":{"start":{"line":22,"column":34},"end":{"line":25,"column":1}}},"1":{"name":"(anonymous_1)","decl":{"start":{"line":27,"column":22},"end":{"line":27,"column":23}},"loc":{"start":{"line":27,"column":29},"end":{"line":30,"column":1}}},"2":{"name":"(anonymous_2)","decl":{"start":{"line":32,"column":20},"end":{"line":32,"column":21}},"loc":{"start":{"line":32,"column":27},"end":{"line":35,"column":1}}},"3":{"name":"(anonymous_3)","decl":{"start":{"line":37,"column":23},"end":{"line":37,"column":24}},"loc":{"start":{"line":37,"column":36},"end":{"line":40,"column":1}}},"4":{"name":"(anonymous_4)","decl":{"start":{"line":42,"column":21},"end":{"line":42,"column":22}},"loc":{"start":{"line":42,"column":34},"end":{"line":45,"column":1}}}},"branchMap":{},"s":{"0":3,"1":3,"2":3,"3":3,"4":3,"5":3,"6":1,"7":3,"8":1,"9":3,"10":1,"11":3,"12":1,"13":3,"14":1},"f":{"0":1,"1":1,"2":1,"3":1,"4":1},"b":{},"_coverageSchema":"332fd63041d2c1bcb487cc26dd0d5f7d97098a6c","hash":"1840c4cee65beca21a564e6398a345e0693a4c3e"}
,"/Users/ethicaljobs.com.au/development/ethical-jobs/ethical-jobs-redux/src/auth/index.js": {"path":"/Users/ethicaljobs.com.au/development/ethical-jobs/ethical-jobs-redux/src/auth/index.js","statementMap":{"0":{"start":{"line":6,"column":28},"end":{"line":11,"column":2}},"1":{"start":{"line":20,"column":2},"end":{"line":52,"column":3}},"2":{"start":{"line":24,"column":6},"end":{"line":26,"column":29}},"3":{"start":{"line":30,"column":6},"end":{"line":34,"column":78}},"4":{"start":{"line":33,"column":40},"end":{"line":33,"column":88}},"5":{"start":{"line":34,"column":36},"end":{"line":34,"column":76}},"6":{"start":{"line":37,"column":6},"end":{"line":41,"column":52}},"7":{"start":{"line":40,"column":40},"end":{"line":40,"column":56}},"8":{"start":{"line":41,"column":36},"end":{"line":41,"column":50}},"9":{"start":{"line":46,"column":6},"end":{"line":48,"column":56}},"10":{"start":{"line":51,"column":6},"end":{"line":51,"column":19}}},"fnMap":{"0":{"name":"reducer","decl":{"start":{"line":19,"column":24},"end":{"line":19,"column":31}},"loc":{"start":{"line":19,"column":67},"end":{"line":53,"column":1}}},"1":{"name":"(anonymous_1)","decl":{"start":{"line":33,"column":28},"end":{"line":33,"column":29}},"loc":{"start":{"line":33,"column":40},"end":{"line":33,"column":88}}},"2":{"name":"(anonymous_2)","decl":{"start":{"line":34,"column":26},"end":{"line":34,"column":27}},"loc":{"start":{"line":34,"column":36},"end":{"line":34,"column":76}}},"3":{"name":"(anonymous_3)","decl":{"start":{"line":40,"column":28},"end":{"line":40,"column":29}},"loc":{"start":{"line":40,"column":40},"end":{"line":40,"column":56}}},"4":{"name":"(anonymous_4)","decl":{"start":{"line":41,"column":26},"end":{"line":41,"column":27}},"loc":{"start":{"line":41,"column":36},"end":{"line":41,"column":50}}}},"branchMap":{"0":{"loc":{"start":{"line":19,"column":32},"end":{"line":19,"column":52}},"type":"default-arg","locations":[{"start":{"line":19,"column":40},"end":{"line":19,"column":52}}]},"1":{"loc":{"start":{"line":19,"column":54},"end":{"line":19,"column":65}},"type":"default-arg","locations":[{"start":{"line":19,"column":63},"end":{"line":19,"column":65}}]},"2":{"loc":{"start":{"line":20,"column":2},"end":{"line":52,"column":3}},"type":"switch","locations":[{"start":{"line":21,"column":4},"end":{"line":21,"column":36}},{"start":{"line":22,"column":4},"end":{"line":22,"column":37}},{"start":{"line":23,"column":4},"end":{"line":26,"column":29}},{"start":{"line":28,"column":4},"end":{"line":28,"column":36}},{"start":{"line":29,"column":4},"end":{"line":34,"column":78}},{"start":{"line":36,"column":4},"end":{"line":41,"column":52}},{"start":{"line":43,"column":4},"end":{"line":43,"column":36}},{"start":{"line":44,"column":4},"end":{"line":44,"column":37}},{"start":{"line":45,"column":4},"end":{"line":48,"column":56}},{"start":{"line":50,"column":4},"end":{"line":51,"column":19}}]}},"s":{"0":1,"1":10,"2":3,"3":2,"4":2,"5":2,"6":1,"7":1,"8":1,"9":3,"10":1},"f":{"0":10,"1":2,"2":2,"3":1,"4":1},"b":{"0":[1],"1":[1],"2":[1,2,3,1,2,1,1,2,3,1]},"_coverageSchema":"332fd63041d2c1bcb487cc26dd0d5f7d97098a6c","hash":"b0dc8be99f8ec94405e0eed716c7ab9beefce219"}
,"/Users/ethicaljobs.com.au/development/ethical-jobs/ethical-jobs-redux/src/auth/selectors.js": {"path":"/Users/ethicaljobs.com.au/development/ethical-jobs/ethical-jobs-redux/src/auth/selectors.js","statementMap":{"0":{"start":{"line":3,"column":21},"end":{"line":3,"column":42}},"1":{"start":{"line":3,"column":32},"end":{"line":3,"column":42}},"2":{"start":{"line":5,"column":25},"end":{"line":5,"column":62}},"3":{"start":{"line":5,"column":36},"end":{"line":5,"column":62}},"4":{"start":{"line":7,"column":23},"end":{"line":7,"column":58}},"5":{"start":{"line":7,"column":34},"end":{"line":7,"column":58}},"6":{"start":{"line":9,"column":21},"end":{"line":12,"column":1}},"7":{"start":{"line":11,"column":20},"end":{"line":11,"column":83}},"8":{"start":{"line":14,"column":29},"end":{"line":17,"column":1}},"9":{"start":{"line":16,"column":18},"end":{"line":16,"column":102}}},"fnMap":{"0":{"name":"(anonymous_0)","decl":{"start":{"line":3,"column":21},"end":{"line":3,"column":22}},"loc":{"start":{"line":3,"column":32},"end":{"line":3,"column":42}}},"1":{"name":"(anonymous_1)","decl":{"start":{"line":5,"column":25},"end":{"line":5,"column":26}},"loc":{"start":{"line":5,"column":36},"end":{"line":5,"column":62}}},"2":{"name":"(anonymous_2)","decl":{"start":{"line":7,"column":23},"end":{"line":7,"column":24}},"loc":{"start":{"line":7,"column":34},"end":{"line":7,"column":58}}},"3":{"name":"(anonymous_3)","decl":{"start":{"line":11,"column":2},"end":{"line":11,"column":3}},"loc":{"start":{"line":11,"column":20},"end":{"line":11,"column":83}}},"4":{"name":"(anonymous_4)","decl":{"start":{"line":16,"column":2},"end":{"line":16,"column":3}},"loc":{"start":{"line":16,"column":18},"end":{"line":16,"column":102}}}},"branchMap":{},"s":{"0":1,"1":4,"2":1,"3":1,"4":1,"5":3,"6":1,"7":1,"8":1,"9":1},"f":{"0":4,"1":1,"2":3,"3":1,"4":1},"b":{},"_coverageSchema":"332fd63041d2c1bcb487cc26dd0d5f7d97098a6c","hash":"994244aae201c85b05ff9516b71ba177f37b30ea"}
,"/Users/ethicaljobs.com.au/development/ethical-jobs/ethical-jobs-redux/src/credits/index.js": {"path":"/Users/ethicaljobs.com.au/development/ethical-jobs/ethical-jobs-redux/src/credits/index.js","statementMap":{"0":{"start":{"line":6,"column":28},"end":{"line":10,"column":2}},"1":{"start":{"line":19,"column":2},"end":{"line":38,"column":3}},"2":{"start":{"line":21,"column":6},"end":{"line":23,"column":29}},"3":{"start":{"line":26,"column":6},"end":{"line":29,"column":61}},"4":{"start":{"line":32,"column":6},"end":{"line":34,"column":56}},"5":{"start":{"line":37,"column":6},"end":{"line":37,"column":19}}},"fnMap":{"0":{"name":"reducer","decl":{"start":{"line":18,"column":24},"end":{"line":18,"column":31}},"loc":{"start":{"line":18,"column":67},"end":{"line":39,"column":1}}}},"branchMap":{"0":{"loc":{"start":{"line":18,"column":32},"end":{"line":18,"column":52}},"type":"default-arg","locations":[{"start":{"line":18,"column":40},"end":{"line":18,"column":52}}]},"1":{"loc":{"start":{"line":18,"column":54},"end":{"line":18,"column":65}},"type":"default-arg","locations":[{"start":{"line":18,"column":63},"end":{"line":18,"column":65}}]},"2":{"loc":{"start":{"line":19,"column":2},"end":{"line":38,"column":3}},"type":"switch","locations":[{"start":{"line":20,"column":4},"end":{"line":23,"column":29}},{"start":{"line":25,"column":4},"end":{"line":29,"column":61}},{"start":{"line":31,"column":4},"end":{"line":34,"column":56}},{"start":{"line":36,"column":4},"end":{"line":37,"column":19}}]}},"s":{"0":1,"1":4,"2":1,"3":1,"4":1,"5":1},"f":{"0":4},"b":{"0":[1],"1":[0],"2":[1,1,1,1]},"_coverageSchema":"332fd63041d2c1bcb487cc26dd0d5f7d97098a6c","hash":"64e668310d172f5e42962379920fb1f01c7a4769"}
,"/Users/ethicaljobs.com.au/development/ethical-jobs/ethical-jobs-redux/src/credits/selectors.js": {"path":"/Users/ethicaljobs.com.au/development/ethical-jobs/ethical-jobs-redux/src/credits/selectors.js","statementMap":{"0":{"start":{"line":1,"column":21},"end":{"line":1,"column":61}},"1":{"start":{"line":1,"column":32},"end":{"line":1,"column":61}},"2":{"start":{"line":3,"column":25},"end":{"line":3,"column":80}},"3":{"start":{"line":3,"column":36},"end":{"line":3,"column":80}},"4":{"start":{"line":5,"column":28},"end":{"line":5,"column":86}},"5":{"start":{"line":5,"column":39},"end":{"line":5,"column":86}}},"fnMap":{"0":{"name":"(anonymous_0)","decl":{"start":{"line":1,"column":21},"end":{"line":1,"column":22}},"loc":{"start":{"line":1,"column":32},"end":{"line":1,"column":61}}},"1":{"name":"(anonymous_1)","decl":{"start":{"line":3,"column":25},"end":{"line":3,"column":26}},"loc":{"start":{"line":3,"column":36},"end":{"line":3,"column":80}}},"2":{"name":"(anonymous_2)","decl":{"start":{"line":5,"column":28},"end":{"line":5,"column":29}},"loc":{"start":{"line":5,"column":39},"end":{"line":5,"column":86}}}},"branchMap":{},"s":{"0":1,"1":1,"2":1,"3":1,"4":1,"5":1},"f":{"0":1,"1":1,"2":1},"b":{},"_coverageSchema":"332fd63041d2c1bcb487cc26dd0d5f7d97098a6c","hash":"60ea9b1d9c516b2ac96090b4d5ed5b746c95de5a"}
,"/Users/ethicaljobs.com.au/development/ethical-jobs/ethical-jobs-redux/src/enumerables/index.js": {"path":"/Users/ethicaljobs.com.au/development/ethical-jobs/ethical-jobs-redux/src/enumerables/index.js","statementMap":{"0":{"start":{"line":6,"column":28},"end":{"line":10,"column":2}},"1":{"start":{"line":19,"column":2},"end":{"line":38,"column":3}},"2":{"start":{"line":21,"column":6},"end":{"line":23,"column":29}},"3":{"start":{"line":26,"column":6},"end":{"line":29,"column":61}},"4":{"start":{"line":32,"column":6},"end":{"line":34,"column":56}},"5":{"start":{"line":37,"column":6},"end":{"line":37,"column":19}}},"fnMap":{"0":{"name":"reducer","decl":{"start":{"line":18,"column":24},"end":{"line":18,"column":31}},"loc":{"start":{"line":18,"column":67},"end":{"line":39,"column":1}}}},"branchMap":{"0":{"loc":{"start":{"line":18,"column":32},"end":{"line":18,"column":52}},"type":"default-arg","locations":[{"start":{"line":18,"column":40},"end":{"line":18,"column":52}}]},"1":{"loc":{"start":{"line":18,"column":54},"end":{"line":18,"column":65}},"type":"default-arg","locations":[{"start":{"line":18,"column":63},"end":{"line":18,"column":65}}]},"2":{"loc":{"start":{"line":19,"column":2},"end":{"line":38,"column":3}},"type":"switch","locations":[{"start":{"line":20,"column":4},"end":{"line":23,"column":29}},{"start":{"line":25,"column":4},"end":{"line":29,"column":61}},{"start":{"line":31,"column":4},"end":{"line":34,"column":56}},{"start":{"line":36,"column":4},"end":{"line":37,"column":19}}]}},"s":{"0":1,"1":4,"2":1,"3":1,"4":1,"5":1},"f":{"0":4},"b":{"0":[1],"1":[0],"2":[1,1,1,1]},"_coverageSchema":"332fd63041d2c1bcb487cc26dd0d5f7d97098a6c","hash":"f2aab4579b36e0075887ef7b52db859cf74e89fc"}
,"/Users/ethicaljobs.com.au/development/ethical-jobs/ethical-jobs-redux/src/enumerables/selectors.js": {"path":"/Users/ethicaljobs.com.au/development/ethical-jobs/ethical-jobs-redux/src/enumerables/selectors.js","statementMap":{"0":{"start":{"line":1,"column":21},"end":{"line":1,"column":65}},"1":{"start":{"line":1,"column":32},"end":{"line":1,"column":65}},"2":{"start":{"line":3,"column":25},"end":{"line":3,"column":84}},"3":{"start":{"line":3,"column":36},"end":{"line":3,"column":84}},"4":{"start":{"line":5,"column":28},"end":{"line":5,"column":90}},"5":{"start":{"line":5,"column":39},"end":{"line":5,"column":90}}},"fnMap":{"0":{"name":"(anonymous_0)","decl":{"start":{"line":1,"column":21},"end":{"line":1,"column":22}},"loc":{"start":{"line":1,"column":32},"end":{"line":1,"column":65}}},"1":{"name":"(anonymous_1)","decl":{"start":{"line":3,"column":25},"end":{"line":3,"column":26}},"loc":{"start":{"line":3,"column":36},"end":{"line":3,"column":84}}},"2":{"name":"(anonymous_2)","decl":{"start":{"line":5,"column":28},"end":{"line":5,"column":29}},"loc":{"start":{"line":5,"column":39},"end":{"line":5,"column":90}}}},"branchMap":{},"s":{"0":1,"1":1,"2":1,"3":1,"4":1,"5":1},"f":{"0":1,"1":1,"2":1},"b":{},"_coverageSchema":"332fd63041d2c1bcb487cc26dd0d5f7d97098a6c","hash":"7c3cabd5f402b469e0f0e57e4302c406d8918313"}
,"/Users/ethicaljobs.com.au/development/ethical-jobs/ethical-jobs-redux/src/invoices/actions.js": {"path":"/Users/ethicaljobs.com.au/development/ethical-jobs/ethical-jobs-redux/src/invoices/actions.js","statementMap":{"0":{"start":{"line":10,"column":32},"end":{"line":10,"column":77}},"1":{"start":{"line":11,"column":28},"end":{"line":11,"column":69}},"2":{"start":{"line":12,"column":22},"end":{"line":12,"column":57}},"3":{"start":{"line":13,"column":22},"end":{"line":13,"column":57}},"4":{"start":{"line":14,"column":23},"end":{"line":14,"column":59}},"5":{"start":{"line":15,"column":30},"end":{"line":15,"column":73}},"6":{"start":{"line":16,"column":28},"end":{"line":16,"column":69}},"7":{"start":{"line":17,"column":29},"end":{"line":17,"column":71}},"8":{"start":{"line":25,"column":31},"end":{"line":28,"column":2}},"9":{"start":{"line":25,"column":44},"end":{"line":28,"column":1}},"10":{"start":{"line":30,"column":27},"end":{"line":33,"column":2}},"11":{"start":{"line":30,"column":40},"end":{"line":33,"column":1}},"12":{"start":{"line":35,"column":22},"end":{"line":38,"column":2}},"13":{"start":{"line":35,"column":35},"end":{"line":38,"column":1}},"14":{"start":{"line":40,"column":22},"end":{"line":43,"column":2}},"15":{"start":{"line":40,"column":35},"end":{"line":43,"column":1}},"16":{"start":{"line":45,"column":23},"end":{"line":48,"column":2}},"17":{"start":{"line":45,"column":36},"end":{"line":48,"column":1}},"18":{"start":{"line":56,"column":29},"end":{"line":58,"column":2}},"19":{"start":{"line":56,"column":36},"end":{"line":58,"column":1}},"20":{"start":{"line":60,"column":28},"end":{"line":63,"column":2}},"21":{"start":{"line":60,"column":41},"end":{"line":63,"column":1}},"22":{"start":{"line":65,"column":27},"end":{"line":68,"column":2}},"23":{"start":{"line":65,"column":39},"end":{"line":68,"column":1}}},"fnMap":{"0":{"name":"(anonymous_0)","decl":{"start":{"line":25,"column":31},"end":{"line":25,"column":32}},"loc":{"start":{"line":25,"column":44},"end":{"line":28,"column":1}}},"1":{"name":"(anonymous_1)","decl":{"start":{"line":30,"column":27},"end":{"line":30,"column":28}},"loc":{"start":{"line":30,"column":40},"end":{"line":33,"column":1}}},"2":{"name":"(anonymous_2)","decl":{"start":{"line":35,"column":22},"end":{"line":35,"column":23}},"loc":{"start":{"line":35,"column":35},"end":{"line":38,"column":1}}},"3":{"name":"(anonymous_3)","decl":{"start":{"line":40,"column":22},"end":{"line":40,"column":23}},"loc":{"start":{"line":40,"column":35},"end":{"line":43,"column":1}}},"4":{"name":"(anonymous_4)","decl":{"start":{"line":45,"column":23},"end":{"line":45,"column":24}},"loc":{"start":{"line":45,"column":36},"end":{"line":48,"column":1}}},"5":{"name":"(anonymous_5)","decl":{"start":{"line":56,"column":29},"end":{"line":56,"column":30}},"loc":{"start":{"line":56,"column":36},"end":{"line":58,"column":1}}},"6":{"name":"(anonymous_6)","decl":{"start":{"line":60,"column":28},"end":{"line":60,"column":29}},"loc":{"start":{"line":60,"column":41},"end":{"line":63,"column":1}}},"7":{"name":"(anonymous_7)","decl":{"start":{"line":65,"column":27},"end":{"line":65,"column":28}},"loc":{"start":{"line":65,"column":39},"end":{"line":68,"column":1}}}},"branchMap":{},"s":{"0":3,"1":3,"2":3,"3":3,"4":3,"5":3,"6":3,"7":3,"8":3,"9":1,"10":3,"11":1,"12":3,"13":1,"14":3,"15":1,"16":3,"17":1,"18":3,"19":2,"20":3,"21":5,"22":3,"23":1},"f":{"0":1,"1":1,"2":1,"3":1,"4":1,"5":2,"6":5,"7":1},"b":{},"_coverageSchema":"332fd63041d2c1bcb487cc26dd0d5f7d97098a6c","hash":"3ed43b4680e04c18487d838ec01789d84790915f"}
,"/Users/ethicaljobs.com.au/development/ethical-jobs/ethical-jobs-redux/src/invoices/index.js": {"path":"/Users/ethicaljobs.com.au/development/ethical-jobs/ethical-jobs-redux/src/invoices/index.js","statementMap":{"0":{"start":{"line":6,"column":28},"end":{"line":15,"column":2}},"1":{"start":{"line":24,"column":2},"end":{"line":71,"column":3}},"2":{"start":{"line":26,"column":6},"end":{"line":28,"column":52}},"3":{"start":{"line":27,"column":40},"end":{"line":27,"column":56}},"4":{"start":{"line":28,"column":36},"end":{"line":28,"column":50}},"5":{"start":{"line":31,"column":6},"end":{"line":34,"column":52}},"6":{"start":{"line":33,"column":40},"end":{"line":33,"column":56}},"7":{"start":{"line":34,"column":36},"end":{"line":34,"column":50}},"8":{"start":{"line":37,"column":6},"end":{"line":38,"column":48}},"9":{"start":{"line":45,"column":6},"end":{"line":47,"column":29}},"10":{"start":{"line":54,"column":6},"end":{"line":58,"column":78}},"11":{"start":{"line":57,"column":40},"end":{"line":57,"column":88}},"12":{"start":{"line":58,"column":36},"end":{"line":58,"column":76}},"13":{"start":{"line":65,"column":6},"end":{"line":67,"column":56}},"14":{"start":{"line":70,"column":6},"end":{"line":70,"column":19}}},"fnMap":{"0":{"name":"reducer","decl":{"start":{"line":23,"column":24},"end":{"line":23,"column":31}},"loc":{"start":{"line":23,"column":67},"end":{"line":72,"column":1}}},"1":{"name":"(anonymous_1)","decl":{"start":{"line":27,"column":28},"end":{"line":27,"column":29}},"loc":{"start":{"line":27,"column":40},"end":{"line":27,"column":56}}},"2":{"name":"(anonymous_2)","decl":{"start":{"line":28,"column":26},"end":{"line":28,"column":27}},"loc":{"start":{"line":28,"column":36},"end":{"line":28,"column":50}}},"3":{"name":"(anonymous_3)","decl":{"start":{"line":33,"column":28},"end":{"line":33,"column":29}},"loc":{"start":{"line":33,"column":40},"end":{"line":33,"column":56}}},"4":{"name":"(anonymous_4)","decl":{"start":{"line":34,"column":26},"end":{"line":34,"column":27}},"loc":{"start":{"line":34,"column":36},"end":{"line":34,"column":50}}},"5":{"name":"(anonymous_5)","decl":{"start":{"line":57,"column":28},"end":{"line":57,"column":29}},"loc":{"start":{"line":57,"column":40},"end":{"line":57,"column":88}}},"6":{"name":"(anonymous_6)","decl":{"start":{"line":58,"column":26},"end":{"line":58,"column":27}},"loc":{"start":{"line":58,"column":36},"end":{"line":58,"column":76}}}},"branchMap":{"0":{"loc":{"start":{"line":23,"column":32},"end":{"line":23,"column":52}},"type":"default-arg","locations":[{"start":{"line":23,"column":40},"end":{"line":23,"column":52}}]},"1":{"loc":{"start":{"line":23,"column":54},"end":{"line":23,"column":65}},"type":"default-arg","locations":[{"start":{"line":23,"column":63},"end":{"line":23,"column":65}}]},"2":{"loc":{"start":{"line":24,"column":2},"end":{"line":71,"column":3}},"type":"switch","locations":[{"start":{"line":25,"column":4},"end":{"line":28,"column":52}},{"start":{"line":30,"column":4},"end":{"line":34,"column":52}},{"start":{"line":36,"column":4},"end":{"line":38,"column":48}},{"start":{"line":40,"column":4},"end":{"line":40,"column":50}},{"start":{"line":41,"column":4},"end":{"line":41,"column":46}},{"start":{"line":42,"column":4},"end":{"line":42,"column":40}},{"start":{"line":43,"column":4},"end":{"line":43,"column":40}},{"start":{"line":44,"column":4},"end":{"line":47,"column":29}},{"start":{"line":49,"column":4},"end":{"line":49,"column":50}},{"start":{"line":50,"column":4},"end":{"line":50,"column":46}},{"start":{"line":51,"column":4},"end":{"line":51,"column":40}},{"start":{"line":52,"column":4},"end":{"line":52,"column":40}},{"start":{"line":53,"column":4},"end":{"line":58,"column":78}},{"start":{"line":60,"column":4},"end":{"line":60,"column":50}},{"start":{"line":61,"column":4},"end":{"line":61,"column":46}},{"start":{"line":62,"column":4},"end":{"line":62,"column":40}},{"start":{"line":63,"column":4},"end":{"line":63,"column":40}},{"start":{"line":64,"column":4},"end":{"line":67,"column":56}},{"start":{"line":69,"column":4},"end":{"line":70,"column":19}}]}},"s":{"0":1,"1":17,"2":1,"3":1,"4":1,"5":1,"6":1,"7":1,"8":3,"9":3,"10":3,"11":3,"12":3,"13":5,"14":1},"f":{"0":17,"1":1,"2":1,"3":1,"4":1,"5":3,"6":3},"b":{"0":[1],"1":[1],"2":[1,1,3,1,2,3,3,3,1,2,3,3,3,1,2,3,4,5,1]},"_coverageSchema":"332fd63041d2c1bcb487cc26dd0d5f7d97098a6c","hash":"7ed4782753e9bdc2ed0303a2e0152cc433031e80"}
,"/Users/ethicaljobs.com.au/development/ethical-jobs/ethical-jobs-redux/src/invoices/selectors.js": {"path":"/Users/ethicaljobs.com.au/development/ethical-jobs/ethical-jobs-redux/src/invoices/selectors.js","statementMap":{"0":{"start":{"line":4,"column":21},"end":{"line":4,"column":62}},"1":{"start":{"line":4,"column":32},"end":{"line":4,"column":62}},"2":{"start":{"line":6,"column":25},"end":{"line":6,"column":81}},"3":{"start":{"line":6,"column":36},"end":{"line":6,"column":81}},"4":{"start":{"line":8,"column":22},"end":{"line":8,"column":71}},"5":{"start":{"line":8,"column":33},"end":{"line":8,"column":71}},"6":{"start":{"line":10,"column":24},"end":{"line":10,"column":79}},"7":{"start":{"line":10,"column":35},"end":{"line":10,"column":79}},"8":{"start":{"line":12,"column":23},"end":{"line":12,"column":77}},"9":{"start":{"line":12,"column":34},"end":{"line":12,"column":77}},"10":{"start":{"line":14,"column":25},"end":{"line":17,"column":1}},"11":{"start":{"line":16,"column":16},"end":{"line":16,"column":55}},"12":{"start":{"line":19,"column":28},"end":{"line":22,"column":1}},"13":{"start":{"line":21,"column":24},"end":{"line":21,"column":63}},"14":{"start":{"line":24,"column":34},"end":{"line":28,"column":1}},"15":{"start":{"line":26,"column":25},"end":{"line":27,"column":85}},"16":{"start":{"line":27,"column":23},"end":{"line":27,"column":84}}},"fnMap":{"0":{"name":"(anonymous_0)","decl":{"start":{"line":4,"column":21},"end":{"line":4,"column":22}},"loc":{"start":{"line":4,"column":32},"end":{"line":4,"column":62}}},"1":{"name":"(anonymous_1)","decl":{"start":{"line":6,"column":25},"end":{"line":6,"column":26}},"loc":{"start":{"line":6,"column":36},"end":{"line":6,"column":81}}},"2":{"name":"(anonymous_2)","decl":{"start":{"line":8,"column":22},"end":{"line":8,"column":23}},"loc":{"start":{"line":8,"column":33},"end":{"line":8,"column":71}}},"3":{"name":"(anonymous_3)","decl":{"start":{"line":10,"column":24},"end":{"line":10,"column":25}},"loc":{"start":{"line":10,"column":35},"end":{"line":10,"column":79}}},"4":{"name":"(anonymous_4)","decl":{"start":{"line":12,"column":23},"end":{"line":12,"column":24}},"loc":{"start":{"line":12,"column":34},"end":{"line":12,"column":77}}},"5":{"name":"(anonymous_5)","decl":{"start":{"line":16,"column":2},"end":{"line":16,"column":3}},"loc":{"start":{"line":16,"column":16},"end":{"line":16,"column":55}}},"6":{"name":"(anonymous_6)","decl":{"start":{"line":21,"column":2},"end":{"line":21,"column":3}},"loc":{"start":{"line":21,"column":24},"end":{"line":21,"column":63}}},"7":{"name":"(anonymous_7)","decl":{"start":{"line":26,"column":2},"end":{"line":26,"column":3}},"loc":{"start":{"line":26,"column":25},"end":{"line":27,"column":85}}},"8":{"name":"(anonymous_8)","decl":{"start":{"line":27,"column":12},"end":{"line":27,"column":13}},"loc":{"start":{"line":27,"column":23},"end":{"line":27,"column":84}}}},"branchMap":{},"s":{"0":1,"1":5,"2":1,"3":1,"4":1,"5":1,"6":1,"7":3,"8":1,"9":2,"10":1,"11":2,"12":1,"13":1,"14":1,"15":2,"16":6},"f":{"0":5,"1":1,"2":1,"3":3,"4":2,"5":2,"6":1,"7":2,"8":6},"b":{},"_coverageSchema":"332fd63041d2c1bcb487cc26dd0d5f7d97098a6c","hash":"3e7d089b594c3d40a6d1b1f33a2f8813eb1212dd"}
,"/Users/ethicaljobs.com.au/development/ethical-jobs/ethical-jobs-redux/src/jobs/actions.js": {"path":"/Users/ethicaljobs.com.au/development/ethical-jobs/ethical-jobs-redux/src/jobs/actions.js","statementMap":{"0":{"start":{"line":10,"column":32},"end":{"line":10,"column":73}},"1":{"start":{"line":11,"column":28},"end":{"line":11,"column":65}},"2":{"start":{"line":12,"column":22},"end":{"line":12,"column":53}},"3":{"start":{"line":13,"column":22},"end":{"line":13,"column":53}},"4":{"start":{"line":14,"column":23},"end":{"line":14,"column":55}},"5":{"start":{"line":15,"column":23},"end":{"line":15,"column":55}},"6":{"start":{"line":16,"column":22},"end":{"line":16,"column":53}},"7":{"start":{"line":17,"column":22},"end":{"line":17,"column":53}},"8":{"start":{"line":18,"column":22},"end":{"line":18,"column":53}},"9":{"start":{"line":19,"column":30},"end":{"line":19,"column":69}},"10":{"start":{"line":20,"column":29},"end":{"line":20,"column":67}},"11":{"start":{"line":21,"column":28},"end":{"line":21,"column":65}},"12":{"start":{"line":29,"column":31},"end":{"line":32,"column":2}},"13":{"start":{"line":29,"column":44},"end":{"line":32,"column":1}},"14":{"start":{"line":34,"column":27},"end":{"line":37,"column":2}},"15":{"start":{"line":34,"column":40},"end":{"line":37,"column":1}},"16":{"start":{"line":39,"column":22},"end":{"line":42,"column":2}},"17":{"start":{"line":39,"column":35},"end":{"line":42,"column":1}},"18":{"start":{"line":44,"column":22},"end":{"line":47,"column":2}},"19":{"start":{"line":44,"column":35},"end":{"line":47,"column":1}},"20":{"start":{"line":49,"column":23},"end":{"line":52,"column":2}},"21":{"start":{"line":49,"column":36},"end":{"line":52,"column":1}},"22":{"start":{"line":54,"column":23},"end":{"line":57,"column":2}},"23":{"start":{"line":54,"column":36},"end":{"line":57,"column":1}},"24":{"start":{"line":59,"column":22},"end":{"line":62,"column":2}},"25":{"start":{"line":59,"column":35},"end":{"line":62,"column":1}},"26":{"start":{"line":64,"column":27},"end":{"line":67,"column":2}},"27":{"start":{"line":64,"column":40},"end":{"line":67,"column":1}},"28":{"start":{"line":69,"column":27},"end":{"line":72,"column":2}},"29":{"start":{"line":69,"column":40},"end":{"line":72,"column":1}},"30":{"start":{"line":80,"column":25},"end":{"line":82,"column":2}},"31":{"start":{"line":80,"column":32},"end":{"line":82,"column":1}},"32":{"start":{"line":84,"column":28},"end":{"line":87,"column":2}},"33":{"start":{"line":84,"column":41},"end":{"line":87,"column":1}},"34":{"start":{"line":89,"column":27},"end":{"line":92,"column":2}},"35":{"start":{"line":89,"column":39},"end":{"line":92,"column":1}}},"fnMap":{"0":{"name":"(anonymous_0)","decl":{"start":{"line":29,"column":31},"end":{"line":29,"column":32}},"loc":{"start":{"line":29,"column":44},"end":{"line":32,"column":1}}},"1":{"name":"(anonymous_1)","decl":{"start":{"line":34,"column":27},"end":{"line":34,"column":28}},"loc":{"start":{"line":34,"column":40},"end":{"line":37,"column":1}}},"2":{"name":"(anonymous_2)","decl":{"start":{"line":39,"column":22},"end":{"line":39,"column":23}},"loc":{"start":{"line":39,"column":35},"end":{"line":42,"column":1}}},"3":{"name":"(anonymous_3)","decl":{"start":{"line":44,"column":22},"end":{"line":44,"column":23}},"loc":{"start":{"line":44,"column":35},"end":{"line":47,"column":1}}},"4":{"name":"(anonymous_4)","decl":{"start":{"line":49,"column":23},"end":{"line":49,"column":24}},"loc":{"start":{"line":49,"column":36},"end":{"line":52,"column":1}}},"5":{"name":"(anonymous_5)","decl":{"start":{"line":54,"column":23},"end":{"line":54,"column":24}},"loc":{"start":{"line":54,"column":36},"end":{"line":57,"column":1}}},"6":{"name":"(anonymous_6)","decl":{"start":{"line":59,"column":22},"end":{"line":59,"column":23}},"loc":{"start":{"line":59,"column":35},"end":{"line":62,"column":1}}},"7":{"name":"(anonymous_7)","decl":{"start":{"line":64,"column":27},"end":{"line":64,"column":28}},"loc":{"start":{"line":64,"column":40},"end":{"line":67,"column":1}}},"8":{"name":"(anonymous_8)","decl":{"start":{"line":69,"column":27},"end":{"line":69,"column":28}},"loc":{"start":{"line":69,"column":40},"end":{"line":72,"column":1}}},"9":{"name":"(anonymous_9)","decl":{"start":{"line":80,"column":25},"end":{"line":80,"column":26}},"loc":{"start":{"line":80,"column":32},"end":{"line":82,"column":1}}},"10":{"name":"(anonymous_10)","decl":{"start":{"line":84,"column":28},"end":{"line":84,"column":29}},"loc":{"start":{"line":84,"column":41},"end":{"line":87,"column":1}}},"11":{"name":"(anonymous_11)","decl":{"start":{"line":89,"column":27},"end":{"line":89,"column":28}},"loc":{"start":{"line":89,"column":39},"end":{"line":92,"column":1}}}},"branchMap":{},"s":{"0":3,"1":3,"2":3,"3":3,"4":3,"5":3,"6":3,"7":3,"8":3,"9":3,"10":3,"11":3,"12":3,"13":1,"14":3,"15":1,"16":3,"17":1,"18":3,"19":1,"20":3,"21":1,"22":3,"23":1,"24":3,"25":1,"26":3,"27":1,"28":3,"29":1,"30":3,"31":2,"32":3,"33":5,"34":3,"35":1},"f":{"0":1,"1":1,"2":1,"3":1,"4":1,"5":1,"6":1,"7":1,"8":1,"9":2,"10":5,"11":1},"b":{},"_coverageSchema":"332fd63041d2c1bcb487cc26dd0d5f7d97098a6c","hash":"3fbd0b6045176773ea36d24aea690f9b3e0e4ebb"}
,"/Users/ethicaljobs.com.au/development/ethical-jobs/ethical-jobs-redux/src/jobs/index.js": {"path":"/Users/ethicaljobs.com.au/development/ethical-jobs/ethical-jobs-redux/src/jobs/index.js","statementMap":{"0":{"start":{"line":6,"column":28},"end":{"line":16,"column":2}},"1":{"start":{"line":25,"column":2},"end":{"line":86,"column":3}},"2":{"start":{"line":27,"column":6},"end":{"line":29,"column":52}},"3":{"start":{"line":28,"column":40},"end":{"line":28,"column":56}},"4":{"start":{"line":29,"column":36},"end":{"line":29,"column":50}},"5":{"start":{"line":32,"column":6},"end":{"line":35,"column":52}},"6":{"start":{"line":34,"column":40},"end":{"line":34,"column":56}},"7":{"start":{"line":35,"column":36},"end":{"line":35,"column":50}},"8":{"start":{"line":38,"column":6},"end":{"line":39,"column":48}},"9":{"start":{"line":50,"column":6},"end":{"line":52,"column":29}},"10":{"start":{"line":64,"column":6},"end":{"line":68,"column":78}},"11":{"start":{"line":67,"column":40},"end":{"line":67,"column":88}},"12":{"start":{"line":68,"column":36},"end":{"line":68,"column":76}},"13":{"start":{"line":80,"column":6},"end":{"line":82,"column":56}},"14":{"start":{"line":85,"column":6},"end":{"line":85,"column":19}}},"fnMap":{"0":{"name":"reducer","decl":{"start":{"line":24,"column":24},"end":{"line":24,"column":31}},"loc":{"start":{"line":24,"column":67},"end":{"line":87,"column":1}}},"1":{"name":"(anonymous_1)","decl":{"start":{"line":28,"column":28},"end":{"line":28,"column":29}},"loc":{"start":{"line":28,"column":40},"end":{"line":28,"column":56}}},"2":{"name":"(anonymous_2)","decl":{"start":{"line":29,"column":26},"end":{"line":29,"column":27}},"loc":{"start":{"line":29,"column":36},"end":{"line":29,"column":50}}},"3":{"name":"(anonymous_3)","decl":{"start":{"line":34,"column":28},"end":{"line":34,"column":29}},"loc":{"start":{"line":34,"column":40},"end":{"line":34,"column":56}}},"4":{"name":"(anonymous_4)","decl":{"start":{"line":35,"column":26},"end":{"line":35,"column":27}},"loc":{"start":{"line":35,"column":36},"end":{"line":35,"column":50}}},"5":{"name":"(anonymous_5)","decl":{"start":{"line":67,"column":28},"end":{"line":67,"column":29}},"loc":{"start":{"line":67,"column":40},"end":{"line":67,"column":88}}},"6":{"name":"(anonymous_6)","decl":{"start":{"line":68,"column":26},"end":{"line":68,"column":27}},"loc":{"start":{"line":68,"column":36},"end":{"line":68,"column":76}}}},"branchMap":{"0":{"loc":{"start":{"line":24,"column":32},"end":{"line":24,"column":52}},"type":"default-arg","locations":[{"start":{"line":24,"column":40},"end":{"line":24,"column":52}}]},"1":{"loc":{"start":{"line":24,"column":54},"end":{"line":24,"column":65}},"type":"default-arg","locations":[{"start":{"line":24,"column":63},"end":{"line":24,"column":65}}]},"2":{"loc":{"start":{"line":25,"column":2},"end":{"line":86,"column":3}},"type":"switch","locations":[{"start":{"line":26,"column":4},"end":{"line":29,"column":52}},{"start":{"line":31,"column":4},"end":{"line":35,"column":52}},{"start":{"line":37,"column":4},"end":{"line":39,"column":48}},{"start":{"line":41,"column":4},"end":{"line":41,"column":46}},{"start":{"line":42,"column":4},"end":{"line":42,"column":42}},{"start":{"line":43,"column":4},"end":{"line":43,"column":36}},{"start":{"line":44,"column":4},"end":{"line":44,"column":36}},{"start":{"line":45,"column":4},"end":{"line":45,"column":37}},{"start":{"line":46,"column":4},"end":{"line":46,"column":37}},{"start":{"line":47,"column":4},"end":{"line":47,"column":36}},{"start":{"line":48,"column":4},"end":{"line":48,"column":36}},{"start":{"line":49,"column":4},"end":{"line":52,"column":29}},{"start":{"line":54,"column":4},"end":{"line":54,"column":46}},{"start":{"line":55,"column":4},"end":{"line":55,"column":42}},{"start":{"line":56,"column":4},"end":{"line":56,"column":36}},{"start":{"line":57,"column":4},"end":{"line":57,"column":36}},{"start":{"line":58,"column":4},"end":{"line":58,"column":36}},{"start":{"line":59,"column":4},"end":{"line":59,"column":37}},{"start":{"line":60,"column":4},"end":{"line":60,"column":37}},{"start":{"line":61,"column":4},"end":{"line":61,"column":36}},{"start":{"line":62,"column":4},"end":{"line":62,"column":36}},{"start":{"line":63,"column":4},"end":{"line":68,"column":78}},{"start":{"line":70,"column":4},"end":{"line":70,"column":46}},{"start":{"line":71,"column":4},"end":{"line":71,"column":42}},{"start":{"line":72,"column":4},"end":{"line":72,"column":36}},{"start":{"line":73,"column":4},"end":{"line":73,"column":36}},{"start":{"line":74,"column":4},"end":{"line":74,"column":36}},{"start":{"line":75,"column":4},"end":{"line":75,"column":37}},{"start":{"line":76,"column":4},"end":{"line":76,"column":37}},{"start":{"line":77,"column":4},"end":{"line":77,"column":36}},{"start":{"line":78,"column":4},"end":{"line":78,"column":36}},{"start":{"line":79,"column":4},"end":{"line":82,"column":56}},{"start":{"line":84,"column":4},"end":{"line":85,"column":19}}]}},"s":{"0":1,"1":33,"2":1,"3":1,"4":1,"5":1,"6":1,"7":1,"8":3,"9":9,"10":9,"11":9,"12":9,"13":9,"14":1},"f":{"0":33,"1":1,"2":1,"3":1,"4":1,"5":9,"6":9},"b":{"0":[1],"1":[1],"2":[1,1,3,1,2,3,4,5,6,7,8,9,1,2,3,3,4,5,6,7,8,9,1,2,3,3,4,5,6,7,8,9,1]},"_coverageSchema":"332fd63041d2c1bcb487cc26dd0d5f7d97098a6c","hash":"46d05ea58f7d22676033fad2c2e021e212dd48eb"}
,"/Users/ethicaljobs.com.au/development/ethical-jobs/ethical-jobs-redux/src/jobs/selectors.js": {"path":"/Users/ethicaljobs.com.au/development/ethical-jobs/ethical-jobs-redux/src/jobs/selectors.js","statementMap":{"0":{"start":{"line":4,"column":21},"end":{"line":4,"column":58}},"1":{"start":{"line":4,"column":32},"end":{"line":4,"column":58}},"2":{"start":{"line":6,"column":25},"end":{"line":6,"column":77}},"3":{"start":{"line":6,"column":36},"end":{"line":6,"column":77}},"4":{"start":{"line":8,"column":22},"end":{"line":8,"column":71}},"5":{"start":{"line":8,"column":33},"end":{"line":8,"column":71}},"6":{"start":{"line":10,"column":24},"end":{"line":10,"column":75}},"7":{"start":{"line":10,"column":35},"end":{"line":10,"column":75}},"8":{"start":{"line":12,"column":23},"end":{"line":12,"column":73}},"9":{"start":{"line":12,"column":34},"end":{"line":12,"column":73}},"10":{"start":{"line":14,"column":21},"end":{"line":17,"column":1}},"11":{"start":{"line":16,"column":12},"end":{"line":16,"column":43}},"12":{"start":{"line":19,"column":24},"end":{"line":22,"column":1}},"13":{"start":{"line":21,"column":20},"end":{"line":21,"column":55}},"14":{"start":{"line":24,"column":30},"end":{"line":29,"column":1}},"15":{"start":{"line":26,"column":21},"end":{"line":28,"column":65}},"16":{"start":{"line":27,"column":19},"end":{"line":27,"column":76}},"17":{"start":{"line":28,"column":19},"end":{"line":28,"column":64}},"18":{"start":{"line":31,"column":25},"end":{"line":34,"column":1}},"19":{"start":{"line":33,"column":12},"end":{"line":33,"column":44}}},"fnMap":{"0":{"name":"(anonymous_0)","decl":{"start":{"line":4,"column":21},"end":{"line":4,"column":22}},"loc":{"start":{"line":4,"column":32},"end":{"line":4,"column":58}}},"1":{"name":"(anonymous_1)","decl":{"start":{"line":6,"column":25},"end":{"line":6,"column":26}},"loc":{"start":{"line":6,"column":36},"end":{"line":6,"column":77}}},"2":{"name":"(anonymous_2)","decl":{"start":{"line":8,"column":22},"end":{"line":8,"column":23}},"loc":{"start":{"line":8,"column":33},"end":{"line":8,"column":71}}},"3":{"name":"(anonymous_3)","decl":{"start":{"line":10,"column":24},"end":{"line":10,"column":25}},"loc":{"start":{"line":10,"column":35},"end":{"line":10,"column":75}}},"4":{"name":"(anonymous_4)","decl":{"start":{"line":12,"column":23},"end":{"line":12,"column":24}},"loc":{"start":{"line":12,"column":34},"end":{"line":12,"column":73}}},"5":{"name":"(anonymous_5)","decl":{"start":{"line":16,"column":2},"end":{"line":16,"column":3}},"loc":{"start":{"line":16,"column":12},"end":{"line":16,"column":43}}},"6":{"name":"(anonymous_6)","decl":{"start":{"line":21,"column":2},"end":{"line":21,"column":3}},"loc":{"start":{"line":21,"column":20},"end":{"line":21,"column":55}}},"7":{"name":"(anonymous_7)","decl":{"start":{"line":26,"column":2},"end":{"line":26,"column":3}},"loc":{"start":{"line":26,"column":21},"end":{"line":28,"column":65}}},"8":{"name":"(anonymous_8)","decl":{"start":{"line":27,"column":12},"end":{"line":27,"column":13}},"loc":{"start":{"line":27,"column":19},"end":{"line":27,"column":76}}},"9":{"name":"(anonymous_9)","decl":{"start":{"line":28,"column":12},"end":{"line":28,"column":13}},"loc":{"start":{"line":28,"column":19},"end":{"line":28,"column":64}}},"10":{"name":"(anonymous_10)","decl":{"start":{"line":33,"column":2},"end":{"line":33,"column":3}},"loc":{"start":{"line":33,"column":12},"end":{"line":33,"column":44}}}},"branchMap":{},"s":{"0":1,"1":5,"2":1,"3":1,"4":1,"5":1,"6":1,"7":3,"8":1,"9":2,"10":1,"11":2,"12":1,"13":1,"14":1,"15":2,"16":9,"17":4,"18":1,"19":0},"f":{"0":5,"1":1,"2":1,"3":3,"4":2,"5":2,"6":1,"7":2,"8":9,"9":4,"10":0},"b":{},"_coverageSchema":"332fd63041d2c1bcb487cc26dd0d5f7d97098a6c","hash":"1e9c25053a006046b9bf70a7ca5f0fbd0e20ea57"}
,"/Users/ethicaljobs.com.au/development/ethical-jobs/ethical-jobs-redux/src/taxonomies/index.js": {"path":"/Users/ethicaljobs.com.au/development/ethical-jobs/ethical-jobs-redux/src/taxonomies/index.js","statementMap":{"0":{"start":{"line":6,"column":28},"end":{"line":10,"column":2}},"1":{"start":{"line":19,"column":2},"end":{"line":38,"column":3}},"2":{"start":{"line":21,"column":6},"end":{"line":23,"column":29}},"3":{"start":{"line":26,"column":6},"end":{"line":29,"column":59}},"4":{"start":{"line":32,"column":6},"end":{"line":34,"column":56}},"5":{"start":{"line":37,"column":6},"end":{"line":37,"column":19}}},"fnMap":{"0":{"name":"reducer","decl":{"start":{"line":18,"column":24},"end":{"line":18,"column":31}},"loc":{"start":{"line":18,"column":67},"end":{"line":39,"column":1}}}},"branchMap":{"0":{"loc":{"start":{"line":18,"column":32},"end":{"line":18,"column":52}},"type":"default-arg","locations":[{"start":{"line":18,"column":40},"end":{"line":18,"column":52}}]},"1":{"loc":{"start":{"line":18,"column":54},"end":{"line":18,"column":65}},"type":"default-arg","locations":[{"start":{"line":18,"column":63},"end":{"line":18,"column":65}}]},"2":{"loc":{"start":{"line":19,"column":2},"end":{"line":38,"column":3}},"type":"switch","locations":[{"start":{"line":20,"column":4},"end":{"line":23,"column":29}},{"start":{"line":25,"column":4},"end":{"line":29,"column":59}},{"start":{"line":31,"column":4},"end":{"line":34,"column":56}},{"start":{"line":36,"column":4},"end":{"line":37,"column":19}}]}},"s":{"0":1,"1":4,"2":1,"3":1,"4":1,"5":1},"f":{"0":4},"b":{"0":[1],"1":[0],"2":[1,1,1,1]},"_coverageSchema":"332fd63041d2c1bcb487cc26dd0d5f7d97098a6c","hash":"69a408e56db5458a2f3b248e3f27a70b1ff86953"}
,"/Users/ethicaljobs.com.au/development/ethical-jobs/ethical-jobs-redux/src/taxonomies/selectors.js": {"path":"/Users/ethicaljobs.com.au/development/ethical-jobs/ethical-jobs-redux/src/taxonomies/selectors.js","statementMap":{"0":{"start":{"line":1,"column":21},"end":{"line":1,"column":64}},"1":{"start":{"line":1,"column":32},"end":{"line":1,"column":64}},"2":{"start":{"line":3,"column":25},"end":{"line":3,"column":83}},"3":{"start":{"line":3,"column":36},"end":{"line":3,"column":83}},"4":{"start":{"line":5,"column":27},"end":{"line":5,"column":87}},"5":{"start":{"line":5,"column":38},"end":{"line":5,"column":87}}},"fnMap":{"0":{"name":"(anonymous_0)","decl":{"start":{"line":1,"column":21},"end":{"line":1,"column":22}},"loc":{"start":{"line":1,"column":32},"end":{"line":1,"column":64}}},"1":{"name":"(anonymous_1)","decl":{"start":{"line":3,"column":25},"end":{"line":3,"column":26}},"loc":{"start":{"line":3,"column":36},"end":{"line":3,"column":83}}},"2":{"name":"(anonymous_2)","decl":{"start":{"line":5,"column":27},"end":{"line":5,"column":28}},"loc":{"start":{"line":5,"column":38},"end":{"line":5,"column":87}}}},"branchMap":{},"s":{"0":1,"1":1,"2":1,"3":1,"4":1,"5":1},"f":{"0":1,"1":1,"2":1},"b":{},"_coverageSchema":"332fd63041d2c1bcb487cc26dd0d5f7d97098a6c","hash":"b12948040c2963317ae7c9b21579aa1cb101ca36"}
,"/Users/ethicaljobs.com.au/development/ethical-jobs/ethical-jobs-redux/src/users/actions.js": {"path":"/Users/ethicaljobs.com.au/development/ethical-jobs/ethical-jobs-redux/src/users/actions.js","statementMap":{"0":{"start":{"line":10,"column":22},"end":{"line":10,"column":54}},"1":{"start":{"line":18,"column":22},"end":{"line":21,"column":2}},"2":{"start":{"line":18,"column":35},"end":{"line":21,"column":1}}},"fnMap":{"0":{"name":"(anonymous_0)","decl":{"start":{"line":18,"column":22},"end":{"line":18,"column":23}},"loc":{"start":{"line":18,"column":35},"end":{"line":21,"column":1}}}},"branchMap":{},"s":{"0":1,"1":1,"2":1},"f":{"0":1},"b":{},"_coverageSchema":"332fd63041d2c1bcb487cc26dd0d5f7d97098a6c","hash":"281e57e9a4d25ec4c4659e7efb4824723d4b9f25"}
}
