TN:
SF:/Users/ethicaljobs.com.au/development/ethical-jobs/ethical-jobs-redux/src/api.js
FNF:0
FNH:0
DA:13,16
DA:15,16
DA:17,16
DA:19,0
DA:20,0
DA:22,0
DA:23,0
DA:26,16
DA:27,16
LF:9
LH:5
BRDA:15,0,0,16
BRDA:15,0,1,16
BRDA:15,0,2,0
BRDA:17,1,0,0
BRDA:17,1,1,0
BRDA:17,1,2,16
BRDA:17,1,3,16
BRF:7
BRH:4
end_of_record
TN:
SF:/Users/ethicaljobs.com.au/development/ethical-jobs/ethical-jobs-redux/src/filters.js
FN:9,filterEntitiesByOrgId
FN:22,filterJobsByType
FNF:2
FNH:2
FNDA:18,filterEntitiesByOrgId
FNDA:18,filterJobsByType
DA:10,18
DA:11,1
DA:13,17
DA:23,18
DA:25,7
DA:27,5
DA:29,4
DA:31,2
LF:8
LH:8
BRDA:10,0,0,1
BRDA:10,0,1,17
BRDA:23,1,0,7
BRDA:23,1,1,5
BRDA:23,1,2,4
BRDA:23,1,3,2
BRDA:25,2,0,7
BRDA:25,2,1,5
BRDA:27,3,0,5
BRDA:27,3,1,3
BRF:10
BRH:10
end_of_record
TN:
SF:/Users/ethicaljobs.com.au/development/ethical-jobs/ethical-jobs-redux/src/jobTypes.js
FNF:0
FNH:0
DA:2,5
DA:4,5
DA:6,5
DA:8,5
LF:4
LH:4
BRF:0
BRH:0
end_of_record
TN:
SF:/Users/ethicaljobs.com.au/development/ethical-jobs/ethical-jobs-redux/src/utils.js
FN:8,createActionType
FN:18,REQUEST
FN:28,SUCCESS
FN:38,FAILURE
FNF:4
FNH:4
FNDA:86,createActionType
FNDA:312,REQUEST
FNDA:220,SUCCESS
FNDA:102,FAILURE
DA:9,86
DA:19,312
DA:29,220
DA:39,102
LF:4
LH:4
BRF:0
BRH:0
end_of_record
TN:
SF:/Users/ethicaljobs.com.au/development/ethical-jobs/ethical-jobs-redux/src/app/actions.js
FN:18,(anonymous_0)
FNF:1
FNH:1
FNDA:1,(anonymous_0)
DA:10,7
DA:18,7
LF:2
LH:2
BRF:0
BRH:0
end_of_record
TN:
SF:/Users/ethicaljobs.com.au/development/ethical-jobs/ethical-jobs-redux/src/auth/actions.js
FN:22,(anonymous_0)
FN:27,(anonymous_1)
FN:32,(anonymous_2)
FN:37,(anonymous_3)
FN:42,(anonymous_4)
FNF:5
FNH:5
FNDA:1,(anonymous_0)
FNDA:1,(anonymous_1)
FNDA:1,(anonymous_2)
FNDA:1,(anonymous_3)
FNDA:1,(anonymous_4)
DA:10,3
DA:11,3
DA:12,3
DA:13,3
DA:14,3
DA:22,3
DA:27,3
DA:32,3
DA:37,3
DA:42,3
LF:10
LH:10
BRF:0
BRH:0
end_of_record
TN:
SF:/Users/ethicaljobs.com.au/development/ethical-jobs/ethical-jobs-redux/src/auth/index.js
FN:19,reducer
FN:33,(anonymous_1)
FN:34,(anonymous_2)
FN:40,(anonymous_3)
FN:41,(anonymous_4)
FNF:5
FNH:5
FNDA:10,reducer
FNDA:2,(anonymous_1)
FNDA:2,(anonymous_2)
FNDA:1,(anonymous_3)
FNDA:1,(anonymous_4)
DA:6,1
DA:20,10
DA:24,3
DA:30,2
DA:33,2
DA:34,2
DA:37,1
DA:40,1
DA:41,1
DA:46,3
DA:51,1
LF:11
LH:11
BRDA:19,0,0,1
BRDA:19,1,0,1
BRDA:20,2,0,1
BRDA:20,2,1,2
BRDA:20,2,2,3
BRDA:20,2,3,1
BRDA:20,2,4,2
BRDA:20,2,5,1
BRDA:20,2,6,1
BRDA:20,2,7,2
BRDA:20,2,8,3
BRDA:20,2,9,1
BRF:12
BRH:12
end_of_record
TN:
SF:/Users/ethicaljobs.com.au/development/ethical-jobs/ethical-jobs-redux/src/auth/selectors.js
FN:3,(anonymous_0)
FN:5,(anonymous_1)
FN:7,(anonymous_2)
FN:11,(anonymous_3)
FN:16,(anonymous_4)
FNF:5
FNH:5
FNDA:4,(anonymous_0)
FNDA:1,(anonymous_1)
FNDA:3,(anonymous_2)
FNDA:1,(anonymous_3)
FNDA:1,(anonymous_4)
DA:3,4
DA:5,1
DA:7,3
DA:9,1
DA:11,1
DA:14,1
DA:16,1
LF:7
LH:7
BRF:0
BRH:0
end_of_record
TN:
SF:/Users/ethicaljobs.com.au/development/ethical-jobs/ethical-jobs-redux/src/credits/index.js
FN:18,reducer
FNF:1
FNH:1
FNDA:4,reducer
DA:6,1
DA:19,4
DA:21,1
DA:26,1
DA:32,1
DA:37,1
LF:6
LH:6
BRDA:18,0,0,1
BRDA:18,1,0,0
BRDA:19,2,0,1
BRDA:19,2,1,1
BRDA:19,2,2,1
BRDA:19,2,3,1
BRF:6
BRH:5
end_of_record
TN:
SF:/Users/ethicaljobs.com.au/development/ethical-jobs/ethical-jobs-redux/src/credits/selectors.js
FN:1,(anonymous_0)
FN:3,(anonymous_1)
FN:5,(anonymous_2)
FNF:3
FNH:3
FNDA:1,(anonymous_0)
FNDA:1,(anonymous_1)
FNDA:1,(anonymous_2)
DA:1,1
DA:3,1
DA:5,1
LF:3
LH:3
BRF:0
BRH:0
end_of_record
TN:
SF:/Users/ethicaljobs.com.au/development/ethical-jobs/ethical-jobs-redux/src/enumerables/index.js
FN:18,reducer
FNF:1
FNH:1
FNDA:4,reducer
DA:6,1
DA:19,4
DA:21,1
DA:26,1
DA:32,1
DA:37,1
LF:6
LH:6
BRDA:18,0,0,1
BRDA:18,1,0,0
BRDA:19,2,0,1
BRDA:19,2,1,1
BRDA:19,2,2,1
BRDA:19,2,3,1
BRF:6
BRH:5
end_of_record
TN:
SF:/Users/ethicaljobs.com.au/development/ethical-jobs/ethical-jobs-redux/src/enumerables/selectors.js
FN:1,(anonymous_0)
FN:3,(anonymous_1)
FN:5,(anonymous_2)
FNF:3
FNH:3
FNDA:1,(anonymous_0)
FNDA:1,(anonymous_1)
FNDA:1,(anonymous_2)
DA:1,1
DA:3,1
DA:5,1
LF:3
LH:3
BRF:0
BRH:0
end_of_record
TN:
SF:/Users/ethicaljobs.com.au/development/ethical-jobs/ethical-jobs-redux/src/invoices/actions.js
FN:25,(anonymous_0)
FN:30,(anonymous_1)
FN:35,(anonymous_2)
FN:40,(anonymous_3)
FN:45,(anonymous_4)
FN:56,(anonymous_5)
FN:60,(anonymous_6)
FN:65,(anonymous_7)
FNF:8
FNH:8
FNDA:1,(anonymous_0)
FNDA:1,(anonymous_1)
FNDA:1,(anonymous_2)
FNDA:1,(anonymous_3)
FNDA:1,(anonymous_4)
FNDA:2,(anonymous_5)
FNDA:5,(anonymous_6)
FNDA:1,(anonymous_7)
DA:10,3
DA:11,3
DA:12,3
DA:13,3
DA:14,3
DA:15,3
DA:16,3
DA:17,3
DA:25,3
DA:30,3
DA:35,3
DA:40,3
DA:45,3
DA:56,3
DA:60,5
DA:65,3
LF:16
LH:16
BRF:0
BRH:0
end_of_record
TN:
SF:/Users/ethicaljobs.com.au/development/ethical-jobs/ethical-jobs-redux/src/invoices/index.js
FN:23,reducer
FN:27,(anonymous_1)
FN:28,(anonymous_2)
FN:33,(anonymous_3)
FN:34,(anonymous_4)
FN:57,(anonymous_5)
FN:58,(anonymous_6)
FNF:7
FNH:7
FNDA:17,reducer
FNDA:1,(anonymous_1)
FNDA:1,(anonymous_2)
FNDA:1,(anonymous_3)
FNDA:1,(anonymous_4)
FNDA:3,(anonymous_5)
FNDA:3,(anonymous_6)
DA:6,1
DA:24,17
DA:26,1
DA:27,1
DA:28,1
DA:31,1
DA:33,1
DA:34,1
DA:37,3
DA:45,3
DA:54,3
DA:57,3
DA:58,3
DA:65,5
DA:70,1
LF:15
LH:15
BRDA:23,0,0,1
BRDA:23,1,0,1
BRDA:24,2,0,1
BRDA:24,2,1,1
BRDA:24,2,2,3
BRDA:24,2,3,1
BRDA:24,2,4,2
BRDA:24,2,5,3
BRDA:24,2,6,3
BRDA:24,2,7,3
BRDA:24,2,8,1
BRDA:24,2,9,2
BRDA:24,2,10,3
BRDA:24,2,11,3
BRDA:24,2,12,3
BRDA:24,2,13,1
BRDA:24,2,14,2
BRDA:24,2,15,3
BRDA:24,2,16,4
BRDA:24,2,17,5
BRDA:24,2,18,1
BRF:21
BRH:21
end_of_record
TN:
SF:/Users/ethicaljobs.com.au/development/ethical-jobs/ethical-jobs-redux/src/invoices/selectors.js
FN:4,(anonymous_0)
FN:6,(anonymous_1)
FN:8,(anonymous_2)
FN:10,(anonymous_3)
FN:12,(anonymous_4)
FN:16,(anonymous_5)
FN:21,(anonymous_6)
FN:26,(anonymous_7)
FN:27,(anonymous_8)
FNF:9
FNH:9
FNDA:5,(anonymous_0)
FNDA:1,(anonymous_1)
FNDA:1,(anonymous_2)
FNDA:3,(anonymous_3)
FNDA:2,(anonymous_4)
FNDA:2,(anonymous_5)
FNDA:1,(anonymous_6)
FNDA:2,(anonymous_7)
FNDA:6,(anonymous_8)
DA:4,5
DA:6,1
DA:8,1
DA:10,3
DA:12,2
DA:14,1
DA:16,2
DA:19,1
DA:21,1
DA:24,1
DA:26,2
DA:27,6
LF:12
LH:12
BRF:0
BRH:0
end_of_record
TN:
SF:/Users/ethicaljobs.com.au/development/ethical-jobs/ethical-jobs-redux/src/jobs/actions.js
FN:29,(anonymous_0)
FN:34,(anonymous_1)
FN:39,(anonymous_2)
FN:44,(anonymous_3)
FN:49,(anonymous_4)
FN:54,(anonymous_5)
FN:59,(anonymous_6)
FN:64,(anonymous_7)
FN:69,(anonymous_8)
FN:80,(anonymous_9)
FN:84,(anonymous_10)
FN:89,(anonymous_11)
FNF:12
FNH:12
FNDA:1,(anonymous_0)
FNDA:1,(anonymous_1)
FNDA:1,(anonymous_2)
FNDA:1,(anonymous_3)
FNDA:1,(anonymous_4)
FNDA:1,(anonymous_5)
FNDA:1,(anonymous_6)
FNDA:1,(anonymous_7)
FNDA:1,(anonymous_8)
FNDA:2,(anonymous_9)
FNDA:5,(anonymous_10)
FNDA:1,(anonymous_11)
DA:10,3
DA:11,3
DA:12,3
DA:13,3
DA:14,3
DA:15,3
DA:16,3
DA:17,3
DA:18,3
DA:19,3
DA:20,3
DA:21,3
DA:29,3
DA:34,3
DA:39,3
DA:44,3
DA:49,3
DA:54,3
DA:59,3
DA:64,3
DA:69,3
DA:80,3
DA:84,5
DA:89,3
LF:24
LH:24
BRF:0
BRH:0
end_of_record
TN:
SF:/Users/ethicaljobs.com.au/development/ethical-jobs/ethical-jobs-redux/src/jobs/index.js
FN:24,reducer
FN:28,(anonymous_1)
FN:29,(anonymous_2)
FN:34,(anonymous_3)
FN:35,(anonymous_4)
FN:67,(anonymous_5)
FN:68,(anonymous_6)
FNF:7
FNH:7
FNDA:33,reducer
FNDA:1,(anonymous_1)
FNDA:1,(anonymous_2)
FNDA:1,(anonymous_3)
FNDA:1,(anonymous_4)
FNDA:9,(anonymous_5)
FNDA:9,(anonymous_6)
DA:6,1
DA:25,33
DA:27,1
DA:28,1
DA:29,1
DA:32,1
DA:34,1
DA:35,1
DA:38,3
DA:50,9
DA:64,9
DA:67,9
DA:68,9
DA:80,9
DA:85,1
LF:15
LH:15
BRDA:24,0,0,1
BRDA:24,1,0,1
BRDA:25,2,0,1
BRDA:25,2,1,1
BRDA:25,2,2,3
BRDA:25,2,3,1
BRDA:25,2,4,2
BRDA:25,2,5,3
BRDA:25,2,6,4
BRDA:25,2,7,5
BRDA:25,2,8,6
BRDA:25,2,9,7
BRDA:25,2,10,8
BRDA:25,2,11,9
BRDA:25,2,12,1
BRDA:25,2,13,2
BRDA:25,2,14,3
BRDA:25,2,15,3
BRDA:25,2,16,4
BRDA:25,2,17,5
BRDA:25,2,18,6
BRDA:25,2,19,7
BRDA:25,2,20,8
BRDA:25,2,21,9
BRDA:25,2,22,1
BRDA:25,2,23,2
BRDA:25,2,24,3
BRDA:25,2,25,3
BRDA:25,2,26,4
BRDA:25,2,27,5
BRDA:25,2,28,6
BRDA:25,2,29,7
BRDA:25,2,30,8
BRDA:25,2,31,9
BRDA:25,2,32,1
BRF:35
BRH:35
end_of_record
TN:
SF:/Users/ethicaljobs.com.au/development/ethical-jobs/ethical-jobs-redux/src/jobs/selectors.js
FN:4,(anonymous_0)
FN:6,(anonymous_1)
FN:8,(anonymous_2)
FN:10,(anonymous_3)
FN:12,(anonymous_4)
FN:16,(anonymous_5)
FN:21,(anonymous_6)
FN:26,(anonymous_7)
FN:27,(anonymous_8)
FN:28,(anonymous_9)
FN:33,(anonymous_10)
FNF:11
FNH:10
FNDA:5,(anonymous_0)
FNDA:1,(anonymous_1)
FNDA:1,(anonymous_2)
FNDA:3,(anonymous_3)
FNDA:2,(anonymous_4)
FNDA:2,(anonymous_5)
FNDA:1,(anonymous_6)
FNDA:2,(anonymous_7)
FNDA:9,(anonymous_8)
FNDA:4,(anonymous_9)
FNDA:0,(anonymous_10)
DA:4,5
DA:6,1
DA:8,1
DA:10,3
DA:12,2
DA:14,1
DA:16,2
DA:19,1
DA:21,1
DA:24,1
DA:26,2
DA:27,9
DA:28,4
DA:31,1
DA:33,0
LF:15
LH:14
BRF:0
BRH:0
end_of_record
TN:
SF:/Users/ethicaljobs.com.au/development/ethical-jobs/ethical-jobs-redux/src/taxonomies/index.js
FN:18,reducer
FNF:1
FNH:1
FNDA:4,reducer
DA:6,1
DA:19,4
DA:21,1
DA:26,1
DA:32,1
DA:37,1
LF:6
LH:6
BRDA:18,0,0,1
BRDA:18,1,0,0
BRDA:19,2,0,1
BRDA:19,2,1,1
BRDA:19,2,2,1
BRDA:19,2,3,1
BRF:6
BRH:5
end_of_record
TN:
SF:/Users/ethicaljobs.com.au/development/ethical-jobs/ethical-jobs-redux/src/taxonomies/selectors.js
FN:1,(anonymous_0)
FN:3,(anonymous_1)
FN:5,(anonymous_2)
FNF:3
FNH:3
FNDA:1,(anonymous_0)
FNDA:1,(anonymous_1)
FNDA:1,(anonymous_2)
DA:1,1
DA:3,1
DA:5,1
LF:3
LH:3
BRF:0
BRH:0
end_of_record
TN:
SF:/Users/ethicaljobs.com.au/development/ethical-jobs/ethical-jobs-redux/src/users/actions.js
FN:18,(anonymous_0)
FNF:1
FNH:1
FNDA:1,(anonymous_0)
DA:10,1
DA:18,1
LF:2
LH:2
BRF:0
BRH:0
end_of_record
